<?xml version="1.0" encoding="UTF-8"?>
<testsuite name="stepdefs.DefinitionTestSuite" time="1.211" tests="12" errors="0" skipped="0" failures="0">
  <properties>
[...]
</properties>
  <testcase name="Given a user exists with username test-user" classname="| test-user | abc123 |" time="0.002"/>
  <testcase name="And password abc123" classname="| test-user | abc123 |" time="0"/>
  <testcase name="When the user logs in to the system" classname="| test-user | abc123 |" time="0"/>
  <testcase name="Then the user should be logged in successfully" classname="| test-user | abc123 |" time="0"/>
  <testcase name="And the user should be welcomed with name and password" classname="| test-user | abc123 |" time="0"/>
  <testcase name="| test-user | abc123 |" classname="| test-user | abc123 |" time="1.075"/>
  <testcase name="Given a user does not exists with username test-user1" classname="| test-user1 | abc123 | UnauthorizedError | UnauthorizedError: invalid username or password |" time="0"/>
  <testcase name="And password abc123" classname="| test-user1 | abc123 | UnauthorizedError | UnauthorizedError: invalid username or password |" time="0"/>
  <testcase name="When the user logs in to the system" classname="| test-user1 | abc123 | UnauthorizedError | UnauthorizedError: invalid username or password |" time="0"/>
  <testcase name="Then the user should be notified of error" classname="| test-user1 | abc123 | UnauthorizedError | UnauthorizedError: invalid username or password |" time="0"/>
  <testcase name="And the user should be notified as UnauthorizedError and UnauthorizedError: invalid username or password" classname="| test-user1 | abc123 | UnauthorizedError | UnauthorizedError: invalid username or password |" time="0"/>
  <testcase name="| test-user1 | abc123 | UnauthorizedError | UnauthorizedError: invalid username or password |" classname="| test-user1 | abc123 | UnauthorizedError | UnauthorizedError: invalid username or password |" time="0.134"/>
</testsuite>